<?xml version="1.0" encoding="UTF-8"?>
<testng-results skipped="0" failed="1" ignored="0" total="1" passed="0">
  <reporter-output>
    <line>
      <![CDATA[Successfully Launched URL  ->https://www.brooksource.com/]]>
    </line>
    <line>
      <![CDATA[Maximized window]]>
    </line>
    <line>
      <![CDATA[Clicked on  ->Search IT Openings]]>
    </line>
    <line>
      <![CDATA[Successfully switched to new Window]]>
    </line>
    <line>
      <![CDATA[Entered value  Tester for Job Search Value]]>
    </line>
    <line>
      <![CDATA[Clicked on  ->Search Icon]]>
    </line>
    <line>
      <![CDATA[After Search No of records present is => 4]]>
    </line>
    <line>
      <![CDATA[Successfully closed the browser.]]>
    </line>
  </reporter-output>
  <suite name="Suite" duration-ms="49359" started-at="2022-10-10T11:20:49Z" finished-at="2022-10-10T11:21:38Z">
    <groups>
    </groups>
    <test name="Test" duration-ms="49359" started-at="2022-10-10T11:20:49Z" finished-at="2022-10-10T11:21:38Z">
      <class name="testcases.ValidateSearchJobFunctionalityTest">
        <test-method status="PASS" signature="startDriver()[pri:0, instance:testcases.ValidateSearchJobFunctionalityTest@32d992b2]" name="startDriver" is-config="true" duration-ms="11328" started-at="2022-10-10T16:50:38Z" finished-at="2022-10-10T16:50:49Z">
          <reporter-output>
          </reporter-output>
        </test-method> <!-- startDriver -->
        <test-method status="FAIL" signature="validSearchJobsFunctionality()[pri:0, instance:testcases.ValidateSearchJobFunctionalityTest@32d992b2]" name="validSearchJobsFunctionality" duration-ms="34045" started-at="2022-10-10T16:50:49Z" finished-at="2022-10-10T16:51:23Z">
          <exception class="java.lang.AssertionError">
            <message>
              <![CDATA[The following asserts failed:
	Enter value => Tester is not contain with Searched value => COBOL Developer expected [true] but found [false],
	Enter value => Tester is not contain with Searched value => React Staff Software Developer expected [true] but found [false]]]>
            </message>
            <full-stacktrace>
              <![CDATA[java.lang.AssertionError: The following asserts failed:
	Enter value => Tester is not contain with Searched value => COBOL Developer expected [true] but found [false],
	Enter value => Tester is not contain with Searched value => React Staff Software Developer expected [true] but found [false]
	at org.testng.asserts.SoftAssert.assertAll(SoftAssert.java:43)
	at pageObjects.JobSearchPage.validateSearchFunctionality(JobSearchPage.java:66)
	at testcases.ValidateSearchJobFunctionalityTest.validSearchJobsFunctionality(ValidateSearchJobFunctionalityTest.java:20)
	at sun.reflect.NativeMethodAccessorImpl.invoke0(Native Method)
	at sun.reflect.NativeMethodAccessorImpl.invoke(NativeMethodAccessorImpl.java:62)
	at sun.reflect.DelegatingMethodAccessorImpl.invoke(DelegatingMethodAccessorImpl.java:43)
	at java.lang.reflect.Method.invoke(Method.java:498)
	at org.testng.internal.MethodInvocationHelper.invokeMethod(MethodInvocationHelper.java:104)
	at org.testng.internal.Invoker.invokeMethod(Invoker.java:645)
	at org.testng.internal.Invoker.invokeTestMethod(Invoker.java:851)
	at org.testng.internal.Invoker.invokeTestMethods(Invoker.java:1177)
	at org.testng.internal.TestMethodWorker.invokeTestMethods(TestMethodWorker.java:129)
	at org.testng.internal.TestMethodWorker.run(TestMethodWorker.java:112)
	at org.testng.TestRunner.privateRun(TestRunner.java:756)
	at org.testng.TestRunner.run(TestRunner.java:610)
	at org.testng.SuiteRunner.runTest(SuiteRunner.java:387)
	at org.testng.SuiteRunner.runSequentially(SuiteRunner.java:382)
	at org.testng.SuiteRunner.privateRun(SuiteRunner.java:340)
	at org.testng.SuiteRunner.run(SuiteRunner.java:289)
	at org.testng.SuiteRunnerWorker.runSuite(SuiteRunnerWorker.java:52)
	at org.testng.SuiteRunnerWorker.run(SuiteRunnerWorker.java:86)
	at org.testng.TestNG.runSuitesSequentially(TestNG.java:1293)
	at org.testng.TestNG.runSuitesLocally(TestNG.java:1218)
	at org.testng.TestNG.runSuites(TestNG.java:1133)
	at org.testng.TestNG.run(TestNG.java:1104)
	at org.testng.remote.AbstractRemoteTestNG.run(AbstractRemoteTestNG.java:114)
	at org.testng.remote.RemoteTestNG.initAndRun(RemoteTestNG.java:251)
	at org.testng.remote.RemoteTestNG.main(RemoteTestNG.java:77)
]]>
            </full-stacktrace>
          </exception> <!-- java.lang.AssertionError -->
          <reporter-output>
            <line>
              <![CDATA[Successfully Launched URL  ->https://www.brooksource.com/]]>
            </line>
            <line>
              <![CDATA[Maximized window]]>
            </line>
            <line>
              <![CDATA[Clicked on  ->Search IT Openings]]>
            </line>
            <line>
              <![CDATA[Successfully switched to new Window]]>
            </line>
            <line>
              <![CDATA[Entered value  Tester for Job Search Value]]>
            </line>
            <line>
              <![CDATA[Clicked on  ->Search Icon]]>
            </line>
            <line>
              <![CDATA[After Search No of records present is => 4]]>
            </line>
          </reporter-output>
        </test-method> <!-- validSearchJobsFunctionality -->
        <test-method status="PASS" signature="closeBrowser()[pri:0, instance:testcases.ValidateSearchJobFunctionalityTest@32d992b2]" name="closeBrowser" is-config="true" duration-ms="15260" started-at="2022-10-10T16:51:23Z" finished-at="2022-10-10T16:51:38Z">
          <reporter-output>
            <line>
              <![CDATA[Successfully closed the browser.]]>
            </line>
          </reporter-output>
        </test-method> <!-- closeBrowser -->
      </class> <!-- testcases.ValidateSearchJobFunctionalityTest -->
    </test> <!-- Test -->
  </suite> <!-- Suite -->
</testng-results>
