<?xml version="1.0" encoding="UTF-8"?>
<!-- Generated by org.testng.reporters.JUnitXMLReporter -->
<testsuite hostname="DESKTOP-1BE3706" ignored="0" name="Test" tests="1" failures="1" timestamp="10 Oct 2022 11:21:38 GMT" time="49.359" errors="0">
  <testcase name="validSearchJobsFunctionality" time="34.045" classname="testcases.ValidateSearchJobFunctionalityTest">
    <failure type="java.lang.AssertionError" message="The following asserts failed:
	Enter value =&amp;gt; Tester is not contain with Searched value =&amp;gt; COBOL Developer expected [true] but found [false],
	Enter value =&amp;gt; Tester is not contain with Searched value =&amp;gt; React Staff Software Developer expected [true] but found [false]">
      <![CDATA[java.lang.AssertionError: The following asserts failed:
	Enter value => Tester is not contain with Searched value => COBOL Developer expected [true] but found [false],
	Enter value => Tester is not contain with Searched value => React Staff Software Developer expected [true] but found [false]
	at pageObjects.JobSearchPage.validateSearchFunctionality(JobSearchPage.java:66)
	at testcases.ValidateSearchJobFunctionalityTest.validSearchJobsFunctionality(ValidateSearchJobFunctionalityTest.java:20)
... Removed 26 stack frames]]>
    </failure>
  </testcase> <!-- validSearchJobsFunctionality -->
</testsuite> <!-- Test -->
